\BOOKMARK [1][-]{section.1}{\376\377\170\024\172\166\166\356\150\007\116\016\150\070\137\303\143\021\142\030}{}% 1
\BOOKMARK [2][-]{subsection.1.1}{\376\377\170\024\172\166\166\356\150\007}{section.1}% 2
\BOOKMARK [2][-]{subsection.1.2}{\376\377\150\070\137\303\143\021\142\030}{section.1}% 3
\BOOKMARK [1][-]{section.2}{\376\377\140\073\117\123\142\200\147\057\215\357\176\277\151\202\211\310}{}% 4
\BOOKMARK [2][-]{subsection.2.1}{\376\377\172\357\122\060\172\357\155\101\172\013\377\010\145\207\147\054\162\110\377\011}{section.2}% 5
\BOOKMARK [2][-]{subsection.2.2}{\376\377\116\343\170\001\121\145\123\343}{section.2}% 6
\BOOKMARK [1][-]{section.3}{\376\377\145\160\143\156\176\304\176\307\116\016\000\040\000M\000a\000n\000i\000f\000e\000s\000t\000\040\117\134\116\072\040\034\145\160\143\156\143\245\123\343\040\035}{}% 7
\BOOKMARK [2][-]{subsection.3.1}{\376\377\166\356\137\125\176\323\147\204\116\016\124\175\124\015\211\304\122\031\377\010\145\160\143\156\150\071\166\356\137\125\000\040\000d\000a\000t\000a\000\137\000r\000o\000o\000t\377\011}{section.3}% 8
\BOOKMARK [2][-]{subsection.3.2}{\376\377\000a\000l\000i\000g\000n\000e\000d\000\040\000G\000L\000B\000\040\166\204\213\272\145\207\211\343\221\312\123\343\137\204}{section.3}% 9
\BOOKMARK [2][-]{subsection.3.3}{\376\377\000M\000a\000n\000i\000f\000e\000s\000t\000\040\166\204\133\232\117\115}{section.3}% 10
\BOOKMARK [1][-]{section.4}{\376\377\220\040\145\160\143\156\155\101\172\013\377\032\000S\000t\000a\000g\000e\0000\000~\000S\000t\000a\000g\000e\0002\000\040\166\204\133\236\163\260\176\306\202\202}{}% 11
\BOOKMARK [2][-]{subsection.4.1}{\376\377\000S\000t\000a\000g\000e\0000\377\032\000T\0002\000I\000\040\165\037\142\020\000\040\000s\000o\000u\000r\000c\000e\000\137\000i\000m\000a\000g\000e}{section.4}% 12
\BOOKMARK [2][-]{subsection.4.2}{\376\377\000S\000t\000a\000g\000e\0000\000.\0005\377\032\000I\000m\000a\000g\000e\000-\000t\000o\000-\0003\000D\000\040\165\037\142\020\000\040\000s\000o\000u\000r\000c\000e\000\137\000g\000l\000b}{section.4}% 13
\BOOKMARK [2][-]{subsection.4.3}{\376\377\000S\000e\000m\000a\000n\000t\000i\000c\000A\000l\000i\000g\000n\377\032\213\355\116\111\147\035\124\021\133\371\237\120\000\040\000+\000\040\121\340\117\125\137\122\116\000\123\026}{section.4}% 14
\BOOKMARK [2][-]{subsection.4.4}{\376\377\000S\000t\000a\000g\000e\0001\377\032\121\155\211\306\211\322\156\062\147\323\000\040\000s\000o\000u\000r\000c\000e\000\137\000v\000i\000e\000w\000s}{section.4}% 15
\BOOKMARK [2][-]{subsection.4.5}{\376\377\000S\000t\000a\000g\000e\0001\377\032\0002\000D\000\040\131\032\211\306\211\322\177\026\217\221\377\010\000M\000u\000l\000t\000i\000v\000i\000e\000w\000\040\000E\000d\000i\000t\377\011}{section.4}% 16
\BOOKMARK [2][-]{subsection.4.6}{\376\377\000S\000t\000a\000g\000e\0002\377\032\116\316\000\040\000e\000d\000i\000t\000e\000d\000\040\000v\000i\000e\000w\000s\000\040\221\315\136\372\000\040\000t\000a\000r\000g\000e\000t\000\137\000g\000l\000b\377\014\136\166\121\215\153\041\133\371\237\120\116\016\156\062\147\323}{section.4}% 17
\BOOKMARK [1][-]{section.5}{\376\377\150\300\155\113\116\016\173\133\220\011\173\227\154\325\377\032\000S\000t\000a\000g\000e\0001\000\040\116\016\000\040\000S\000t\000a\000g\000e\0002}{}% 18
\BOOKMARK [2][-]{subsection.5.1}{\376\377\000S\000t\000a\000g\000e\0001\377\032\177\026\217\221\215\050\221\317\150\300\147\345\377\010\000E\000d\000i\000t\000\040\000Q\000C\377\011}{section.5}% 19
\BOOKMARK [2][-]{subsection.5.2}{\376\377\000S\000t\000a\000g\000e\0002\377\032\000T\000a\000r\000g\000e\000t\000\040\0003\000D\000\040\116\000\201\364\140\047\150\300\147\345\377\010\000L\000P\000I\000P\000S\000\040\000/\000\040\000V\000L\000M\377\011}{section.5}% 20
\BOOKMARK [2][-]{subsection.5.3}{\376\377\121\145\136\223\122\044\133\232\116\016\000\040\000m\000a\000n\000i\000f\000e\000s\000t\000\040\165\037\142\020}{section.5}% 21
\BOOKMARK [1][-]{section.6}{\376\377\117\177\165\050\166\204\152\041\127\213\116\016\147\015\122\241\156\005\123\125\377\010\143\011\226\066\153\265\377\011}{}% 22
\BOOKMARK [2][-]{subsection.6.1}{\376\377\145\207\147\054\152\041\127\213\377\010\000L\000L\000M\000\040\000/\000\040\000V\000L\000M\377\014\176\317\000\040\000O\000n\000e\000A\000P\000I\000\040\177\121\121\163\377\011}{section.6}% 23
\BOOKMARK [2][-]{subsection.6.2}{\376\377\126\376\120\317\165\037\142\020\000/\177\026\217\221\152\041\127\213\377\010\000R\000e\000s\000p\000o\000n\000s\000e\000\040\000A\000P\000I\377\011}{section.6}% 24
\BOOKMARK [2][-]{subsection.6.3}{\376\377\0003\000D\000\040\165\037\142\020\147\015\122\241\377\010\000I\000m\000a\000g\000e\000-\000t\000o\000-\0003\000D\377\011}{section.6}% 25
\BOOKMARK [2][-]{subsection.6.4}{\376\377\156\062\147\323\137\025\144\316}{section.6}% 26
\BOOKMARK [1][-]{section.7}{\376\377\123\357\131\015\163\260\140\047\116\016\135\345\172\013\123\026\117\335\226\234}{}% 27
\BOOKMARK [2][-]{subsection.7.1}{\376\377\000F\000a\000i\000l\000\040\000L\000o\000u\000d\000l\000y\377\010\146\076\140\047\225\031\213\357\173\126\165\145\377\011}{section.7}% 28
\BOOKMARK [2][-]{subsection.7.2}{\376\377\133\120\217\333\172\013\226\224\171\273\116\016\215\205\145\366\143\247\122\066}{section.7}% 29
\BOOKMARK [2][-]{subsection.7.3}{\376\377\133\236\232\214\213\260\137\125\116\016\145\255\160\271\140\142\131\015}{section.7}% 30
\BOOKMARK [1][-]{section.8}{\376\377\134\100\226\120\140\047\116\016\145\071\217\333\145\271\124\021}{}% 31
